<?xml version="1.0" encoding="UTF-8"?>
<testsuite xmlns:xsi="http://www.w3.org/2001/XMLSchema-instance" xsi:noNamespaceSchemaLocation="https://maven.apache.org/surefire/maven-surefire-plugin/xsd/surefire-test-report.xsd" version="3.0.2" name="com.folautech.restclient.SpringbootWithRestclientApplicationTests" time="1.526" tests="1" errors="0" skipped="0" failures="0">
  <properties>
[...]
</properties>
  <testcase name="contextLoads" classname="com.folautech.restclient.SpringbootWithRestclientApplicationTests" time="0.344">
    <system-out><![CDATA[23:37:09.716 [main] INFO org.springframework.test.context.support.AnnotationConfigContextLoaderUtils -- Could not detect default configuration classes for test class [com.folautech.restclient.SpringbootWithRestclientApplicationTests]: SpringbootWithRestclientApplicationTests does not declare any static, non-private, non-final, nested classes annotated with @Configuration.
23:37:09.752 [main] INFO org.springframework.boot.test.context.SpringBootTestContextBootstrapper -- Found @SpringBootConfiguration com.folautech.restclient.SpringbootWithRestclientApplication for test class com.folautech.restclient.SpringbootWithRestclientApplicationTests
23:37:09.800 [main] INFO org.springframework.boot.devtools.restart.RestartApplicationListener -- Restart disabled due to context in which it is running

  .   ____          _            __ _ _
 /\\ / ___'_ __ _ _(_)_ __  __ _ \ \ \ \
( ( )\___ | '_ | '_| | '_ \/ _` | \ \ \ \
 \\/  ___)| |_)| | | | | || (_| |  ) ) ) )
  '  |____| .__|_| |_|_| |_\__, | / / / /
 =========|_|==============|___/=/_/_/_/

 :: Spring Boot ::                (v4.0.0)

2025-12-10T23:37:09.884-07:00  INFO 43156 --- [springboot-with-restclient] [           main] SpringbootWithRestclientApplicationTests : Starting SpringbootWithRestclientApplicationTests using Java 21.0.7 with PID 43156 (started by folaukaveinga in /Users/folaukaveinga/Github/springboot-with-restclient)
2025-12-10T23:37:09.885-07:00  INFO 43156 --- [springboot-with-restclient] [           main] SpringbootWithRestclientApplicationTests : No active profile set, falling back to 1 default profile: "default"
2025-12-10T23:37:10.268-07:00  INFO 43156 --- [springboot-with-restclient] [           main] SpringbootWithRestclientApplicationTests : Started SpringbootWithRestclientApplicationTests in 0.472 seconds (process running for 0.865)


************************ Springboot with Restclient ***********************************
** Active Profile: []
** Port: null
** Timezone: America/Denver
** TimeStamp: 2025-12-11T06:37:10.270Z
************************* Java - JVM *********************************
** Number of processors: 14
** Process ID: 43156
** Total memory: 96.0 MB = 0.09375 GB
** Max memory: 9216.0 MB = 9.0 GB
** Free memory: 65.87073516845703 MB = 0.06432688981294632 GB

**********************************************************************




==================== RestClient Demo ====================

--- GET Example: Fetch single user ---
2025-12-10T23:37:10.275-07:00  INFO 43156 --- [springboot-with-restclient] [           main] c.f.r.service.JsonPlaceholderService     : Fetching user with id: 1
2025-12-10T23:37:10.285-07:00  INFO 43156 --- [springboot-with-restclient] [           main] c.f.restclient.config.RestClientConfig   : ============================= REQUEST =============================
2025-12-10T23:37:10.285-07:00  INFO 43156 --- [springboot-with-restclient] [           main] c.f.restclient.config.RestClientConfig   : URI         : https://jsonplaceholder.typicode.com/users/1
2025-12-10T23:37:10.285-07:00  INFO 43156 --- [springboot-with-restclient] [           main] c.f.restclient.config.RestClientConfig   : Method      : GET
2025-12-10T23:37:10.285-07:00  INFO 43156 --- [springboot-with-restclient] [           main] c.f.restclient.config.RestClientConfig   : Headers     : [Accept:"application/json", Content-Length:"0"]
2025-12-10T23:37:10.533-07:00  INFO 43156 --- [springboot-with-restclient] [           main] c.f.restclient.config.RestClientConfig   : ============================= RESPONSE ============================
2025-12-10T23:37:10.533-07:00  INFO 43156 --- [springboot-with-restclient] [           main] c.f.restclient.config.RestClientConfig   : Status Code : 200 OK
2025-12-10T23:37:10.534-07:00  INFO 43156 --- [springboot-with-restclient] [           main] c.f.restclient.config.RestClientConfig   : Status Text : OK
2025-12-10T23:37:10.534-07:00  INFO 43156 --- [springboot-with-restclient] [           main] c.f.restclient.config.RestClientConfig   : Headers     : [Date:"Thu, 11 Dec 2025 06:37:10 GMT", Content-Type:"application/json; charset=utf-8", Content-Length:"509", Connection:"keep-alive", access-control-allow-credentials:"true", Cache-Control:"max-age=43200", etag:"W/"1fd-+2Y3G3w049iSZtw5t1mzSnunngE"", expires:"-1", nel:"{"report_to":"heroku-nel","response_headers":["Via"],"max_age":3600,"success_fraction":0.01,"failure_fraction":0.1}", pragma:"no-cache", report-to:"{"group":"heroku-nel","endpoints":[{"url":"https://nel.heroku.com/reports?s=KvEpb2mJqRuU%2BC3F8oceIXPCZHx6RABhIbldARtSJzQ%3D\u0026sid=e11707d5-02a7-43ef-b45e-2cf4d2036f7d\u0026ts=1764980695"}],"max_age":3600}", reporting-endpoints:"heroku-nel="https://nel.heroku.com/reports?s=KvEpb2mJqRuU%2BC3F8oceIXPCZHx6RABhIbldARtSJzQ%3D&sid=e11707d5-02a7-43ef-b45e-2cf4d2036f7d&ts=1764980695"", Server:"cloudflare", vary:"Origin, Accept-Encoding", via:"2.0 heroku-router", x-content-type-options:"nosniff", x-powered-by:"Express", x-ratelimit-limit:"1000", x-ratelimit-remaining:"990", x-ratelimit-reset:"1764980700", Age:"28348", Accept-Ranges:"bytes", cf-cache-status:"HIT", CF-RAY:"9ac2f8cd0853e75f-DEN", alt-svc:"h3=":443"; ma=86400"]
2025-12-10T23:37:10.535-07:00  INFO 43156 --- [springboot-with-restclient] [           main] c.f.restclient.config.RestClientConfig   : Body        : {
  "id": 1,
  "name": "Leanne Graham",
  "username": "Bret",
  "email": "Sincere@april.biz",
  "address": {
    "street": "Kulas Light",
    "suite": "Apt. 556",
    "city": "Gwenborough",
    "zipcode": "92998-3874",
    "geo": {
      "lat": "-37.3159",
      "lng": "81.1496"
    }
  },
  "phone": "1-770-736-8031 x56442",
  "website": "hildegard.org",
  "company": {
    "name": "Romaguera-Crona",
    "catchPhrase": "Multi-layered client-server neural-net",
    "bs": "harness real-time e-markets"
  }
}
2025-12-10T23:37:10.535-07:00  INFO 43156 --- [springboot-with-restclient] [           main] c.f.restclient.config.RestClientConfig   : ===================================================================
2025-12-10T23:37:10.561-07:00  INFO 43156 --- [springboot-with-restclient] [           main] .f.r.SpringbootWithRestclientApplication : Retrieved user: User(id=1, name=Leanne Graham, username=Bret, email=Sincere@april.biz, phone=1-770-736-8031 x56442, website=hildegard.org)

--- GET Example: Fetch posts by user ID ---
2025-12-10T23:37:10.562-07:00  INFO 43156 --- [springboot-with-restclient] [           main] c.f.r.service.JsonPlaceholderService     : Fetching posts for user id: 1
2025-12-10T23:37:10.562-07:00  INFO 43156 --- [springboot-with-restclient] [           main] c.f.restclient.config.RestClientConfig   : ============================= REQUEST =============================
2025-12-10T23:37:10.562-07:00  INFO 43156 --- [springboot-with-restclient] [           main] c.f.restclient.config.RestClientConfig   : URI         : https://jsonplaceholder.typicode.com/posts?userId=1
2025-12-10T23:37:10.562-07:00  INFO 43156 --- [springboot-with-restclient] [           main] c.f.restclient.config.RestClientConfig   : Method      : GET
2025-12-10T23:37:10.562-07:00  INFO 43156 --- [springboot-with-restclient] [           main] c.f.restclient.config.RestClientConfig   : Headers     : [Accept:"application/json", Content-Length:"0"]
2025-12-10T23:37:10.591-07:00  INFO 43156 --- [springboot-with-restclient] [           main] c.f.restclient.config.RestClientConfig   : ============================= RESPONSE ============================
2025-12-10T23:37:10.591-07:00  INFO 43156 --- [springboot-with-restclient] [           main] c.f.restclient.config.RestClientConfig   : Status Code : 200 OK
2025-12-10T23:37:10.591-07:00  INFO 43156 --- [springboot-with-restclient] [           main] c.f.restclient.config.RestClientConfig   : Status Text : OK
2025-12-10T23:37:10.591-07:00  INFO 43156 --- [springboot-with-restclient] [           main] c.f.restclient.config.RestClientConfig   : Headers     : [Date:"Thu, 11 Dec 2025 06:37:10 GMT", Content-Type:"application/json; charset=utf-8", Transfer-Encoding:"chunked", Connection:"keep-alive", access-control-allow-credentials:"true", Cache-Control:"max-age=43200", etag:"W/"aa6-j2NSH739l9uq40OywFMn7Y0C/iY"", expires:"-1", nel:"{"report_to":"heroku-nel","response_headers":["Via"],"max_age":3600,"success_fraction":0.01,"failure_fraction":0.1}", pragma:"no-cache", report-to:"{"group":"heroku-nel","endpoints":[{"url":"https://nel.heroku.com/reports?s=KL1%2FkBDFYe0JvwD0UIxjuJxlNS%2FcThMvzHW5vNSjUkw%3D\u0026sid=e11707d5-02a7-43ef-b45e-2cf4d2036f7d\u0026ts=1765349121"}],"max_age":3600}", reporting-endpoints:"heroku-nel="https://nel.heroku.com/reports?s=KL1%2FkBDFYe0JvwD0UIxjuJxlNS%2FcThMvzHW5vNSjUkw%3D&sid=e11707d5-02a7-43ef-b45e-2cf4d2036f7d&ts=1765349121"", Server:"cloudflare", vary:"Origin, Accept-Encoding", via:"2.0 heroku-router", x-content-type-options:"nosniff", x-powered-by:"Express", x-ratelimit-limit:"1000", x-ratelimit-remaining:"999", x-ratelimit-reset:"1765349164", Age:"22294", cf-cache-status:"HIT", CF-RAY:"9ac2f8cd6916e75f-DEN", alt-svc:"h3=":443"; ma=86400"]
2025-12-10T23:37:10.592-07:00  INFO 43156 --- [springboot-with-restclient] [           main] c.f.restclient.config.RestClientConfig   : Body        : [
  {
    "userId": 1,
    "id": 1,
    "title": "sunt aut facere repellat provident occaecati excepturi optio reprehenderit",
    "body": "quia et suscipit\nsuscipit recusandae consequuntur expedita et cum\nreprehenderit molestiae ut ut quas totam\nnostrum rerum est autem sunt rem eveniet architecto"
  },
  {
    "userId": 1,
    "id": 2,
    "title": "qui est esse",
    "body": "est rerum tempore vitae\nsequi sint nihil reprehenderit dolor beatae ea dolores neque\nfugiat blanditiis voluptate porro vel nihil molestiae ut reiciendis\nqui aperiam non debitis possimus qui neque nisi nulla"
  },
  {
    "userId": 1,
    "id": 3,
    "title": "ea molestias quasi exercitationem repellat qui ipsa sit aut",
    "body": "et iusto sed quo iure\nvoluptatem occaecati omnis eligendi aut ad\nvoluptatem doloribus vel accusantium quis pariatur\nmolestiae porro eius odio et labore et velit aut"
  },
  {
    "userId": 1,
    "id": 4,
    "title": "eum et est occaecati",
    "body": "ullam et saepe reiciendis voluptatem adipisci\nsit amet autem assumenda provident rerum culpa\nquis hic commodi nesciunt rem tenetur doloremque ipsam iure\nquis sunt voluptatem rerum illo velit"
  },
  {
    "userId": 1,
    "id": 5,
    "title": "nesciunt quas odio",
    "body": "repudiandae veniam quaerat sunt sed\nalias aut fugiat sit autem sed est\nvoluptatem omnis possimus esse voluptatibus quis\nest aut tenetur dolor neque"
  },
  {
    "userId": 1,
    "id": 6,
    "title": "dolorem eum magni eos aperiam quia",
    "body": "ut aspernatur corporis harum nihil quis provident sequi\nmollitia nobis aliquid molestiae\nperspiciatis et ea nemo ab reprehenderit accusantium quas\nvoluptate dolores velit et doloremque molestiae"
  },
  {
    "userId": 1,
    "id": 7,
    "title": "magnam facilis autem",
    "body": "dolore placeat quibusdam ea quo vitae\nmagni quis enim qui quis quo nemo aut saepe\nquidem repellat excepturi ut quia\nsunt ut sequi eos ea sed quas"
  },
  {
    "userId": 1,
    "id": 8,
    "title": "dolorem dolore est ipsam",
    "body": "dignissimos aperiam dolorem qui eum\nfacilis quibusdam animi sint suscipit qui sint possimus cum\nquaerat magni maiores excepturi\nipsam ut commodi dolor voluptatum modi aut vitae"
  },
  {
    "userId": 1,
    "id": 9,
    "title": "nesciunt iure omnis dolorem tempora et accusantium",
    "body": "consectetur animi nesciunt iure dolore\nenim quia ad\nveniam autem ut quam aut nobis\net est aut quod aut provident voluptas autem voluptas"
  },
  {
    "userId": 1,
    "id": 10,
    "title": "optio molestias id quia eum",
    "body": "quo et expedita modi cum officia vel magni\ndoloribus qui repudiandae\nvero nisi sit\nquos veniam quod sed accusamus veritatis error"
  }
]
2025-12-10T23:37:10.592-07:00  INFO 43156 --- [springboot-with-restclient] [           main] c.f.restclient.config.RestClientConfig   : ===================================================================
2025-12-10T23:37:10.595-07:00  INFO 43156 --- [springboot-with-restclient] [           main] .f.r.SpringbootWithRestclientApplication : Retrieved 10 posts for user 1

--- POST Example: Create new post ---
2025-12-10T23:37:10.595-07:00  INFO 43156 --- [springboot-with-restclient] [           main] c.f.r.service.JsonPlaceholderService     : Creating new post: Post(id=null, userId=1, title=My New Post Title, body=This is the body of my new post created via RestClient)
2025-12-10T23:37:10.603-07:00  INFO 43156 --- [springboot-with-restclient] [           main] c.f.restclient.config.RestClientConfig   : ============================= REQUEST =============================
2025-12-10T23:37:10.603-07:00  INFO 43156 --- [springboot-with-restclient] [           main] c.f.restclient.config.RestClientConfig   : URI         : https://jsonplaceholder.typicode.com/posts
2025-12-10T23:37:10.603-07:00  INFO 43156 --- [springboot-with-restclient] [           main] c.f.restclient.config.RestClientConfig   : Method      : POST
2025-12-10T23:37:10.603-07:00  INFO 43156 --- [springboot-with-restclient] [           main] c.f.restclient.config.RestClientConfig   : Headers     : [Content-Type:"application/json", Accept:"application/json", Content-Length:"114"]
2025-12-10T23:37:10.603-07:00  INFO 43156 --- [springboot-with-restclient] [           main] c.f.restclient.config.RestClientConfig   : Body        : {"id":null,"userId":1,"title":"My New Post Title","body":"This is the body of my new post created via RestClient"}
2025-12-10T23:37:10.605-07:00  INFO 43156 --- [springboot-with-restclient] [           main] c.f.restclient.config.RestClientConfig   : ============================= RESPONSE ============================
2025-12-10T23:37:10.672-07:00  INFO 43156 --- [springboot-with-restclient] [           main] c.f.restclient.config.RestClientConfig   : Status Code : 201 CREATED
2025-12-10T23:37:10.672-07:00  INFO 43156 --- [springboot-with-restclient] [           main] c.f.restclient.config.RestClientConfig   : Status Text : Created
2025-12-10T23:37:10.672-07:00  INFO 43156 --- [springboot-with-restclient] [           main] c.f.restclient.config.RestClientConfig   : Headers     : [Date:"Thu, 11 Dec 2025 06:37:10 GMT", Content-Type:"application/json; charset=utf-8", Content-Length:"130", Connection:"keep-alive", access-control-allow-credentials:"true", access-control-expose-headers:"Location", Cache-Control:"no-cache", etag:"W/"82-/dmYOUDnT4UG5OGtF220oLu8eE4"", expires:"-1", location:"https://jsonplaceholder.typicode.com/posts/101", nel:"{"report_to":"heroku-nel","response_headers":["Via"],"max_age":3600,"success_fraction":0.01,"failure_fraction":0.1}", pragma:"no-cache", report-to:"{"group":"heroku-nel","endpoints":[{"url":"https://nel.heroku.com/reports?s=6ogjvw1VjQZY6ObEGvIinmgyWyr1T5J69FzhxqrlHY4%3D\u0026sid=e11707d5-02a7-43ef-b45e-2cf4d2036f7d\u0026ts=1765435030"}],"max_age":3600}", reporting-endpoints:"heroku-nel="https://nel.heroku.com/reports?s=6ogjvw1VjQZY6ObEGvIinmgyWyr1T5J69FzhxqrlHY4%3D&sid=e11707d5-02a7-43ef-b45e-2cf4d2036f7d&ts=1765435030"", Server:"cloudflare", vary:"Origin, X-HTTP-Method-Override, Accept-Encoding", via:"2.0 heroku-router", x-content-type-options:"nosniff", x-powered-by:"Express", x-ratelimit-limit:"1000", x-ratelimit-remaining:"999", x-ratelimit-reset:"1765435086", cf-cache-status:"DYNAMIC", CF-RAY:"9ac2f8cdb9ace75f-DEN", alt-svc:"h3=":443"; ma=86400"]
2025-12-10T23:37:10.672-07:00  INFO 43156 --- [springboot-with-restclient] [           main] c.f.restclient.config.RestClientConfig   : Body        : {
  "id": 101,
  "userId": 1,
  "title": "My New Post Title",
  "body": "This is the body of my new post created via RestClient"
}
2025-12-10T23:37:10.672-07:00  INFO 43156 --- [springboot-with-restclient] [           main] c.f.restclient.config.RestClientConfig   : ===================================================================
2025-12-10T23:37:10.673-07:00  INFO 43156 --- [springboot-with-restclient] [           main] .f.r.SpringbootWithRestclientApplication : Created post with id: 101

--- PUT Example: Update existing post ---
2025-12-10T23:37:10.673-07:00  INFO 43156 --- [springboot-with-restclient] [           main] c.f.r.service.JsonPlaceholderService     : Updating post with id: 1
2025-12-10T23:37:10.673-07:00  INFO 43156 --- [springboot-with-restclient] [           main] c.f.restclient.config.RestClientConfig   : ============================= REQUEST =============================
2025-12-10T23:37:10.674-07:00  INFO 43156 --- [springboot-with-restclient] [           main] c.f.restclient.config.RestClientConfig   : URI         : https://jsonplaceholder.typicode.com/posts/1
2025-12-10T23:37:10.674-07:00  INFO 43156 --- [springboot-with-restclient] [           main] c.f.restclient.config.RestClientConfig   : Method      : PUT
2025-12-10T23:37:10.674-07:00  INFO 43156 --- [springboot-with-restclient] [           main] c.f.restclient.config.RestClientConfig   : Headers     : [Content-Type:"application/json", Accept:"application/json", Content-Length:"94"]
2025-12-10T23:37:10.674-07:00  INFO 43156 --- [springboot-with-restclient] [           main] c.f.restclient.config.RestClientConfig   : Body        : {"id":1,"userId":1,"title":"Updated Post Title","body":"This is the updated body of the post"}
2025-12-10T23:37:10.674-07:00  INFO 43156 --- [springboot-with-restclient] [           main] c.f.restclient.config.RestClientConfig   : ============================= RESPONSE ============================
2025-12-10T23:37:10.828-07:00  INFO 43156 --- [springboot-with-restclient] [           main] c.f.restclient.config.RestClientConfig   : Status Code : 200 OK
2025-12-10T23:37:10.828-07:00  INFO 43156 --- [springboot-with-restclient] [           main] c.f.restclient.config.RestClientConfig   : Status Text : OK
2025-12-10T23:37:10.828-07:00  INFO 43156 --- [springboot-with-restclient] [           main] c.f.restclient.config.RestClientConfig   : Headers     : [Date:"Thu, 11 Dec 2025 06:37:10 GMT", Content-Type:"application/json; charset=utf-8", Content-Length:"111", Connection:"keep-alive", access-control-allow-credentials:"true", Cache-Control:"no-cache", etag:"W/"6f-RiWmoIgwtyWihdPoPSOQauVrPew"", expires:"-1", nel:"{"report_to":"heroku-nel","response_headers":["Via"],"max_age":3600,"success_fraction":0.01,"failure_fraction":0.1}", pragma:"no-cache", report-to:"{"group":"heroku-nel","endpoints":[{"url":"https://nel.heroku.com/reports?s=6ogjvw1VjQZY6ObEGvIinmgyWyr1T5J69FzhxqrlHY4%3D\u0026sid=e11707d5-02a7-43ef-b45e-2cf4d2036f7d\u0026ts=1765435030"}],"max_age":3600}", reporting-endpoints:"heroku-nel="https://nel.heroku.com/reports?s=6ogjvw1VjQZY6ObEGvIinmgyWyr1T5J69FzhxqrlHY4%3D&sid=e11707d5-02a7-43ef-b45e-2cf4d2036f7d&ts=1765435030"", Server:"cloudflare", vary:"Origin, Accept-Encoding", via:"2.0 heroku-router", x-content-type-options:"nosniff", x-powered-by:"Express", x-ratelimit-limit:"1000", x-ratelimit-remaining:"998", x-ratelimit-reset:"1765435086", cf-cache-status:"DYNAMIC", CF-RAY:"9ac2f8ce2abbe75f-DEN", alt-svc:"h3=":443"; ma=86400"]
2025-12-10T23:37:10.828-07:00  INFO 43156 --- [springboot-with-restclient] [           main] c.f.restclient.config.RestClientConfig   : Body        : {
  "id": 1,
  "userId": 1,
  "title": "Updated Post Title",
  "body": "This is the updated body of the post"
}
2025-12-10T23:37:10.829-07:00  INFO 43156 --- [springboot-with-restclient] [           main] c.f.restclient.config.RestClientConfig   : ===================================================================
2025-12-10T23:37:10.829-07:00  INFO 43156 --- [springboot-with-restclient] [           main] .f.r.SpringbootWithRestclientApplication : Updated post: Post(id=1, userId=1, title=Updated Post Title, body=This is the updated body of the post)

==================== Demo Complete ====================

]]></system-out>
    <system-err><![CDATA[Mockito is currently self-attaching to enable the inline-mock-maker. This will no longer work in future releases of the JDK. Please add Mockito as an agent to your build as described in Mockito's documentation: https://javadoc.io/doc/org.mockito/mockito-core/latest/org.mockito/org/mockito/Mockito.html#0.3
WARNING: A Java agent has been loaded dynamically (/Users/folaukaveinga/.m2/repository/net/bytebuddy/byte-buddy-agent/1.17.8/byte-buddy-agent-1.17.8.jar)
WARNING: If a serviceability tool is in use, please run with -XX:+EnableDynamicAgentLoading to hide this warning
WARNING: If a serviceability tool is not in use, please run with -Djdk.instrument.traceUsage for more information
WARNING: Dynamic loading of agents will be disallowed by default in a future release
]]></system-err>
  </testcase>
</testsuite>